c:\users\toty\desktop\proyectos git\laboratorioprogramaciontp\trabajo labo1\x64\debug\vc143.pdb
c:\users\toty\desktop\proyectos git\laboratorioprogramaciontp\trabajo labo1\x64\debug\vc143.idb
c:\users\toty\desktop\proyectos git\laboratorioprogramaciontp\trabajo labo1\x64\debug\cjinetes.obj
c:\users\toty\desktop\proyectos git\laboratorioprogramaciontp\trabajo labo1\x64\debug\cdragones.obj
c:\users\toty\desktop\proyectos git\laboratorioprogramaciontp\trabajo labo1\x64\debug\trabajo labo1.obj
c:\users\toty\desktop\proyectos git\laboratorioprogramaciontp\trabajo labo1\x64\debug\cpersona.obj
c:\users\toty\desktop\proyectos git\laboratorioprogramaciontp\trabajo labo1\x64\debug\cvikingos.obj
c:\users\toty\desktop\proyectos git\laboratorioprogramaciontp\trabajo labo1\x64\debug\trabajo labo1.ilk
c:\users\toty\desktop\proyectos git\laboratorioprogramaciontp\trabajo labo1\x64\debug\cvickingos.obj
c:\users\toty\desktop\proyectos git\laboratorioprogramaciontp\x64\debug\trabajo labo1.pdb
c:\users\toty\desktop\proyectos git\laboratorioprogramaciontp\trabajo labo1\x64\debug\trabajo labo1.tlog\cl.command.1.tlog
c:\users\toty\desktop\proyectos git\laboratorioprogramaciontp\trabajo labo1\x64\debug\trabajo labo1.tlog\cl.items.tlog
c:\users\toty\desktop\proyectos git\laboratorioprogramaciontp\trabajo labo1\x64\debug\trabajo labo1.tlog\cl.read.1.tlog
c:\users\toty\desktop\proyectos git\laboratorioprogramaciontp\trabajo labo1\x64\debug\trabajo labo1.tlog\cl.write.1.tlog
c:\users\toty\desktop\proyectos git\laboratorioprogramaciontp\trabajo labo1\x64\debug\trabajo labo1.tlog\link-cvtres.read.1.tlog
c:\users\toty\desktop\proyectos git\laboratorioprogramaciontp\trabajo labo1\x64\debug\trabajo labo1.tlog\link-cvtres.write.1.tlog
c:\users\toty\desktop\proyectos git\laboratorioprogramaciontp\trabajo labo1\x64\debug\trabajo labo1.tlog\link-rc.read.1.tlog
c:\users\toty\desktop\proyectos git\laboratorioprogramaciontp\trabajo labo1\x64\debug\trabajo labo1.tlog\link-rc.write.1.tlog
c:\users\toty\desktop\proyectos git\laboratorioprogramaciontp\trabajo labo1\x64\debug\trabajo labo1.tlog\link.27412-cvtres.read.1.tlog
c:\users\toty\desktop\proyectos git\laboratorioprogramaciontp\trabajo labo1\x64\debug\trabajo labo1.tlog\link.27412-cvtres.write.1.tlog
c:\users\toty\desktop\proyectos git\laboratorioprogramaciontp\trabajo labo1\x64\debug\trabajo labo1.tlog\link.27412-rc.read.1.tlog
c:\users\toty\desktop\proyectos git\laboratorioprogramaciontp\trabajo labo1\x64\debug\trabajo labo1.tlog\link.27412-rc.write.1.tlog
c:\users\toty\desktop\proyectos git\laboratorioprogramaciontp\trabajo labo1\x64\debug\trabajo labo1.tlog\link.27412.read.1.tlog
c:\users\toty\desktop\proyectos git\laboratorioprogramaciontp\trabajo labo1\x64\debug\trabajo labo1.tlog\link.27412.read.2.tlog
c:\users\toty\desktop\proyectos git\laboratorioprogramaciontp\trabajo labo1\x64\debug\trabajo labo1.tlog\link.27412.write.1.tlog
c:\users\toty\desktop\proyectos git\laboratorioprogramaciontp\trabajo labo1\x64\debug\trabajo labo1.tlog\link.command.1.tlog
c:\users\toty\desktop\proyectos git\laboratorioprogramaciontp\trabajo labo1\x64\debug\trabajo labo1.tlog\link.read.1.tlog
c:\users\toty\desktop\proyectos git\laboratorioprogramaciontp\trabajo labo1\x64\debug\trabajo labo1.tlog\link.read.2.tlog
c:\users\toty\desktop\proyectos git\laboratorioprogramaciontp\trabajo labo1\x64\debug\trabajo labo1.tlog\link.read.3.tlog
c:\users\toty\desktop\proyectos git\laboratorioprogramaciontp\trabajo labo1\x64\debug\trabajo labo1.tlog\link.secondary.1.tlog
c:\users\toty\desktop\proyectos git\laboratorioprogramaciontp\trabajo labo1\x64\debug\trabajo labo1.tlog\link.write.1.tlog
